Created by PLY version 3.11 (http://www.dabeaz.com/ply)

Grammar

Rule 0     S' -> statement
Rule 1     statement -> COMMAND NAME COURSECODE
Rule 2     statement -> COMMAND
Rule 3     statement -> COMMAND NAME

Terminals, with rules where they appear

COMMAND              : 1 2 3
COURSECODE           : 1
NAME                 : 1 3
error                : 

Nonterminals, with rules where they appear

statement            : 0

Parsing method: LALR

state 0

    (0) S' -> . statement
    (1) statement -> . COMMAND NAME COURSECODE
    (2) statement -> . COMMAND
    (3) statement -> . COMMAND NAME

    COMMAND         shift and go to state 2

    statement                      shift and go to state 1

state 1

    (0) S' -> statement .



state 2

    (1) statement -> COMMAND . NAME COURSECODE
    (2) statement -> COMMAND .
    (3) statement -> COMMAND . NAME

    NAME            shift and go to state 3
    $end            reduce using rule 2 (statement -> COMMAND .)


state 3

    (1) statement -> COMMAND NAME . COURSECODE
    (3) statement -> COMMAND NAME .

    COURSECODE      shift and go to state 4
    $end            reduce using rule 3 (statement -> COMMAND NAME .)


state 4

    (1) statement -> COMMAND NAME COURSECODE .

    $end            reduce using rule 1 (statement -> COMMAND NAME COURSECODE .)

